[2017-06-22T15:57:39,511][INFO ][o.e.n.Node               ] [] initializing ...
[2017-06-22T15:57:44,177][INFO ][o.e.e.NodeEnvironment    ] [MK5WCVO] using [1] data paths, mounts [[/ (/dev/sda1)]], net usable_space [47.5gb], net total_space [58.8gb], spins? [possibly], types [ext4]
[2017-06-22T15:57:44,178][INFO ][o.e.e.NodeEnvironment    ] [MK5WCVO] heap size [1.9gb], compressed ordinary object pointers [true]
[2017-06-22T15:57:46,915][INFO ][o.e.n.Node               ] node name [MK5WCVO] derived from node ID [MK5WCVOCQ1ejo1jKafY0qA]; set [node.name] to override
[2017-06-22T15:57:46,916][INFO ][o.e.n.Node               ] version[5.4.1], pid[2186], build[2cfe0df/2017-05-29T16:05:51.443Z], OS[Linux/4.10.0-19-generic/amd64], JVM[Oracle Corporation/Java HotSpot(TM) 64-Bit Server VM/1.8.0_131/25.131-b11]
[2017-06-22T15:57:46,917][INFO ][o.e.n.Node               ] JVM arguments [-Xms2g, -Xmx2g, -XX:+UseConcMarkSweepGC, -XX:CMSInitiatingOccupancyFraction=75, -XX:+UseCMSInitiatingOccupancyOnly, -XX:+DisableExplicitGC, -XX:+AlwaysPreTouch, -Xss1m, -Djava.awt.headless=true, -Dfile.encoding=UTF-8, -Djna.nosys=true, -Djdk.io.permissionsUseCanonicalPath=true, -Dio.netty.noUnsafe=true, -Dio.netty.noKeySetOptimization=true, -Dio.netty.recycler.maxCapacityPerThread=0, -Dlog4j.shutdownHookEnabled=false, -Dlog4j2.disable.jmx=true, -Dlog4j.skipJansi=true, -XX:+HeapDumpOnOutOfMemoryError, -Des.path.home=/usr/local/elastic]
[2017-06-22T15:58:12,421][INFO ][o.e.p.PluginsService     ] [MK5WCVO] loaded module [aggs-matrix-stats]
[2017-06-22T15:58:12,421][INFO ][o.e.p.PluginsService     ] [MK5WCVO] loaded module [ingest-common]
[2017-06-22T15:58:12,422][INFO ][o.e.p.PluginsService     ] [MK5WCVO] loaded module [lang-expression]
[2017-06-22T15:58:12,422][INFO ][o.e.p.PluginsService     ] [MK5WCVO] loaded module [lang-groovy]
[2017-06-22T15:58:12,423][INFO ][o.e.p.PluginsService     ] [MK5WCVO] loaded module [lang-mustache]
[2017-06-22T15:58:12,423][INFO ][o.e.p.PluginsService     ] [MK5WCVO] loaded module [lang-painless]
[2017-06-22T15:58:12,423][INFO ][o.e.p.PluginsService     ] [MK5WCVO] loaded module [percolator]
[2017-06-22T15:58:12,424][INFO ][o.e.p.PluginsService     ] [MK5WCVO] loaded module [reindex]
[2017-06-22T15:58:12,424][INFO ][o.e.p.PluginsService     ] [MK5WCVO] loaded module [transport-netty3]
[2017-06-22T15:58:12,425][INFO ][o.e.p.PluginsService     ] [MK5WCVO] loaded module [transport-netty4]
[2017-06-22T15:58:12,430][INFO ][o.e.p.PluginsService     ] [MK5WCVO] no plugins loaded
[2017-06-22T15:59:23,873][INFO ][o.e.d.DiscoveryModule    ] [MK5WCVO] using discovery type [zen]
[2017-06-22T15:59:33,369][INFO ][o.e.n.Node               ] initialized
[2017-06-22T15:59:33,370][INFO ][o.e.n.Node               ] [MK5WCVO] starting ...
[2017-06-22T15:59:38,362][WARN ][i.n.u.i.MacAddressUtil   ] Failed to find a usable hardware address from the network interfaces; using random bytes: 00:70:62:58:f3:4f:8b:25
[2017-06-22T15:59:39,901][INFO ][o.e.t.TransportService   ] [MK5WCVO] publish_address {127.0.0.1:9300}, bound_addresses {[::1]:9300}, {127.0.0.1:9300}
[2017-06-22T15:59:40,143][WARN ][o.e.b.BootstrapChecks    ] [MK5WCVO] max file descriptors [4096] for elasticsearch process is too low, increase to at least [65536]
[2017-06-22T15:59:40,144][WARN ][o.e.b.BootstrapChecks    ] [MK5WCVO] max virtual memory areas vm.max_map_count [65530] is too low, increase to at least [262144]
[2017-06-22T15:59:44,184][INFO ][o.e.c.s.ClusterService   ] [MK5WCVO] new_master {MK5WCVO}{MK5WCVOCQ1ejo1jKafY0qA}{k_16wrsORwi8iToDDknwWg}{127.0.0.1}{127.0.0.1:9300}, reason: zen-disco-elected-as-master ([0] nodes joined)
[2017-06-22T15:59:45,105][INFO ][o.e.h.n.Netty4HttpServerTransport] [MK5WCVO] publish_address {127.0.0.1:9200}, bound_addresses {[::1]:9200}, {127.0.0.1:9200}
[2017-06-22T15:59:45,448][INFO ][o.e.n.Node               ] [MK5WCVO] started
[2017-06-22T16:00:02,312][INFO ][o.e.g.GatewayService     ] [MK5WCVO] recovered [3] indices into cluster_state
[2017-06-22T16:00:15,300][INFO ][o.e.c.r.a.AllocationService] [MK5WCVO] Cluster health status changed from [RED] to [YELLOW] (reason: [shards started [[filebeat-2017.06.21][0], [.kibana][0], [filebeat-2017.06.21][2], [filebeat-2017.06.21][4]] ...]).
[2017-06-22T16:18:53,422][INFO ][o.e.c.m.MetaDataCreateIndexService] [MK5WCVO] [filebeat-2017.06.22] creating index, cause [auto(bulk api)], templates [filebeat], shards [5]/[1], mappings [_default_]
[2017-06-22T16:18:54,781][INFO ][o.e.c.m.MetaDataCreateIndexService] [MK5WCVO] [logstash-2017.06.22] creating index, cause [auto(bulk api)], templates [logstash], shards [5]/[1], mappings [_default_]
[2017-06-22T16:18:55,632][INFO ][o.e.c.m.MetaDataMappingService] [MK5WCVO] [filebeat-2017.06.22/Q63BFsozRaO0sqk_DMsB9g] create_mapping [log]
[2017-06-22T16:18:57,023][INFO ][o.e.c.m.MetaDataMappingService] [MK5WCVO] [logstash-2017.06.22/YnBhLJX2T6Ojc9946vWQdA] create_mapping [log]
[2017-06-22T16:23:00,165][INFO ][o.e.n.Node               ] [MK5WCVO] stopping ...
[2017-06-22T17:10:35,916][INFO ][o.e.n.Node               ] [] initializing ...
[2017-06-22T17:10:37,295][INFO ][o.e.e.NodeEnvironment    ] [MK5WCVO] using [1] data paths, mounts [[/ (/dev/sda1)]], net usable_space [45.7gb], net total_space [58.8gb], spins? [possibly], types [ext4]
[2017-06-22T17:10:37,297][INFO ][o.e.e.NodeEnvironment    ] [MK5WCVO] heap size [1.9gb], compressed ordinary object pointers [true]
[2017-06-22T17:10:37,826][INFO ][o.e.n.Node               ] node name [MK5WCVO] derived from node ID [MK5WCVOCQ1ejo1jKafY0qA]; set [node.name] to override
[2017-06-22T17:10:37,828][INFO ][o.e.n.Node               ] version[5.4.1], pid[2163], build[2cfe0df/2017-05-29T16:05:51.443Z], OS[Linux/4.10.0-24-generic/amd64], JVM[Oracle Corporation/Java HotSpot(TM) 64-Bit Server VM/1.8.0_131/25.131-b11]
[2017-06-22T17:10:37,828][INFO ][o.e.n.Node               ] JVM arguments [-Xms2g, -Xmx2g, -XX:+UseConcMarkSweepGC, -XX:CMSInitiatingOccupancyFraction=75, -XX:+UseCMSInitiatingOccupancyOnly, -XX:+DisableExplicitGC, -XX:+AlwaysPreTouch, -Xss1m, -Djava.awt.headless=true, -Dfile.encoding=UTF-8, -Djna.nosys=true, -Djdk.io.permissionsUseCanonicalPath=true, -Dio.netty.noUnsafe=true, -Dio.netty.noKeySetOptimization=true, -Dio.netty.recycler.maxCapacityPerThread=0, -Dlog4j.shutdownHookEnabled=false, -Dlog4j2.disable.jmx=true, -Dlog4j.skipJansi=true, -XX:+HeapDumpOnOutOfMemoryError, -Des.path.home=/usr/local/elastic]
[2017-06-22T17:10:47,104][INFO ][o.e.p.PluginsService     ] [MK5WCVO] loaded module [aggs-matrix-stats]
[2017-06-22T17:10:47,105][INFO ][o.e.p.PluginsService     ] [MK5WCVO] loaded module [ingest-common]
[2017-06-22T17:10:47,106][INFO ][o.e.p.PluginsService     ] [MK5WCVO] loaded module [lang-expression]
[2017-06-22T17:10:47,106][INFO ][o.e.p.PluginsService     ] [MK5WCVO] loaded module [lang-groovy]
[2017-06-22T17:10:47,107][INFO ][o.e.p.PluginsService     ] [MK5WCVO] loaded module [lang-mustache]
[2017-06-22T17:10:47,108][INFO ][o.e.p.PluginsService     ] [MK5WCVO] loaded module [lang-painless]
[2017-06-22T17:10:47,108][INFO ][o.e.p.PluginsService     ] [MK5WCVO] loaded module [percolator]
[2017-06-22T17:10:47,110][INFO ][o.e.p.PluginsService     ] [MK5WCVO] loaded module [reindex]
[2017-06-22T17:10:47,110][INFO ][o.e.p.PluginsService     ] [MK5WCVO] loaded module [transport-netty3]
[2017-06-22T17:10:47,111][INFO ][o.e.p.PluginsService     ] [MK5WCVO] loaded module [transport-netty4]
[2017-06-22T17:10:47,120][INFO ][o.e.p.PluginsService     ] [MK5WCVO] no plugins loaded
[2017-06-22T17:11:11,331][INFO ][o.e.d.DiscoveryModule    ] [MK5WCVO] using discovery type [zen]
[2017-06-22T17:11:19,128][INFO ][o.e.n.Node               ] initialized
[2017-06-22T17:11:19,130][INFO ][o.e.n.Node               ] [MK5WCVO] starting ...
[2017-06-22T17:11:20,743][WARN ][i.n.u.i.MacAddressUtil   ] Failed to find a usable hardware address from the network interfaces; using random bytes: 50:57:1d:c2:dd:35:f0:28
[2017-06-22T17:11:21,870][INFO ][o.e.t.TransportService   ] [MK5WCVO] publish_address {127.0.0.1:9300}, bound_addresses {[::1]:9300}, {127.0.0.1:9300}
[2017-06-22T17:11:22,182][WARN ][o.e.b.BootstrapChecks    ] [MK5WCVO] max file descriptors [4096] for elasticsearch process is too low, increase to at least [65536]
[2017-06-22T17:11:22,183][WARN ][o.e.b.BootstrapChecks    ] [MK5WCVO] max virtual memory areas vm.max_map_count [65530] is too low, increase to at least [262144]
[2017-06-22T17:11:24,224][INFO ][o.e.m.j.JvmGcMonitorService] [MK5WCVO] [gc][5] overhead, spent [254ms] collecting in the last [1s]
[2017-06-22T17:11:26,101][INFO ][o.e.c.s.ClusterService   ] [MK5WCVO] new_master {MK5WCVO}{MK5WCVOCQ1ejo1jKafY0qA}{IBwfNBhnSFqitWgciDB92w}{127.0.0.1}{127.0.0.1:9300}, reason: zen-disco-elected-as-master ([0] nodes joined)
[2017-06-22T17:11:26,356][INFO ][o.e.h.n.Netty4HttpServerTransport] [MK5WCVO] publish_address {127.0.0.1:9200}, bound_addresses {[::1]:9200}, {127.0.0.1:9200}
[2017-06-22T17:11:26,451][INFO ][o.e.n.Node               ] [MK5WCVO] started
[2017-06-22T17:11:29,810][INFO ][o.e.g.GatewayService     ] [MK5WCVO] recovered [5] indices into cluster_state
[2017-06-22T17:11:54,173][INFO ][o.e.c.r.a.AllocationService] [MK5WCVO] Cluster health status changed from [RED] to [YELLOW] (reason: [shards started [[filebeat-2017.06.21][2], [filebeat-2017.06.21][3]] ...]).
[2017-06-22T17:12:14,807][INFO ][o.e.c.m.MetaDataCreateIndexService] [MK5WCVO] [books] creating index, cause [auto(bulk api)], templates [], shards [5]/[1], mappings []
[2017-06-22T17:12:15,939][INFO ][o.e.c.m.MetaDataMappingService] [MK5WCVO] [books/kEetTrmJRKur_zVCVtpxsQ] create_mapping [book]
[2017-06-22T17:31:35,172][INFO ][o.e.c.m.MetaDataCreateIndexService] [MK5WCVO] [seoul-metro-2014] creating index, cause [auto(bulk api)], templates [], shards [5]/[1], mappings []
[2017-06-22T17:31:35,911][INFO ][o.e.c.m.MetaDataMappingService] [MK5WCVO] [seoul-metro-2014/v2FcT4RzS868QsB9Uq0N2g] create_mapping [seoul-metro]
[2017-06-22T17:48:28,801][INFO ][o.e.c.m.MetaDataDeleteIndexService] [MK5WCVO] [seoul-metro-2014/v2FcT4RzS868QsB9Uq0N2g] deleting index
[2017-06-22T17:48:31,653][INFO ][o.e.c.m.MetaDataCreateIndexService] [MK5WCVO] [seoul-metro-2014] creating index, cause [api], templates [], shards [5]/[1], mappings [seoul-metro]
[2017-06-22T17:48:42,092][DEBUG][o.e.a.b.TransportShardBulkAction] [MK5WCVO] [seoul-metro-2014][3] failed to execute bulk item (index) BulkShardRequest [[seoul-metro-2014][3]] containing [index {[seoul-metro-2014][seoul-metro][1], source[{"time_slot":"2013-12-31T15:00:00.000Z","line_num":"1호선","line_num_en":"Line 1","station_name":"서울역","station_name_kr":"서울역","station_name_en":"Seoul Station","station_name_chc":"-","station_name_ch":"首尔站","station_name_jp":"ソウルヨク","station_geo":{"lat":37.554648,"lon":126.972559},"people_in":91,"people_out":172}
]}]
org.elasticsearch.index.mapper.MapperParsingException: failed to parse
	at org.elasticsearch.index.mapper.DocumentParser.wrapInMapperParsingException(DocumentParser.java:176) ~[elasticsearch-5.4.1.jar:5.4.1]
	at org.elasticsearch.index.mapper.DocumentParser.parseDocument(DocumentParser.java:69) ~[elasticsearch-5.4.1.jar:5.4.1]
	at org.elasticsearch.index.mapper.DocumentMapper.parse(DocumentMapper.java:277) ~[elasticsearch-5.4.1.jar:5.4.1]
	at org.elasticsearch.index.shard.IndexShard.prepareIndex(IndexShard.java:536) ~[elasticsearch-5.4.1.jar:5.4.1]
	at org.elasticsearch.index.shard.IndexShard.prepareIndexOnPrimary(IndexShard.java:513) ~[elasticsearch-5.4.1.jar:5.4.1]
	at org.elasticsearch.action.bulk.TransportShardBulkAction.prepareIndexOperationOnPrimary(TransportShardBulkAction.java:450) ~[elasticsearch-5.4.1.jar:5.4.1]
	at org.elasticsearch.action.bulk.TransportShardBulkAction.executeIndexRequestOnPrimary(TransportShardBulkAction.java:458) ~[elasticsearch-5.4.1.jar:5.4.1]
	at org.elasticsearch.action.bulk.TransportShardBulkAction.executeBulkItemRequest(TransportShardBulkAction.java:143) [elasticsearch-5.4.1.jar:5.4.1]
	at org.elasticsearch.action.bulk.TransportShardBulkAction.shardOperationOnPrimary(TransportShardBulkAction.java:113) [elasticsearch-5.4.1.jar:5.4.1]
	at org.elasticsearch.action.bulk.TransportShardBulkAction.shardOperationOnPrimary(TransportShardBulkAction.java:69) [elasticsearch-5.4.1.jar:5.4.1]
	at org.elasticsearch.action.support.replication.TransportReplicationAction$PrimaryShardReference.perform(TransportReplicationAction.java:939) [elasticsearch-5.4.1.jar:5.4.1]
	at org.elasticsearch.action.support.replication.TransportReplicationAction$PrimaryShardReference.perform(TransportReplicationAction.java:908) [elasticsearch-5.4.1.jar:5.4.1]
	at org.elasticsearch.action.support.replication.ReplicationOperation.execute(ReplicationOperation.java:113) [elasticsearch-5.4.1.jar:5.4.1]
	at org.elasticsearch.action.support.replication.TransportReplicationAction$AsyncPrimaryAction.onResponse(TransportReplicationAction.java:322) [elasticsearch-5.4.1.jar:5.4.1]
	at org.elasticsearch.action.support.replication.TransportReplicationAction$AsyncPrimaryAction.onResponse(TransportReplicationAction.java:264) [elasticsearch-5.4.1.jar:5.4.1]
	at org.elasticsearch.action.support.replication.TransportReplicationAction$1.onResponse(TransportReplicationAction.java:888) [elasticsearch-5.4.1.jar:5.4.1]
	at org.elasticsearch.action.support.replication.TransportReplicationAction$1.onResponse(TransportReplicationAction.java:885) [elasticsearch-5.4.1.jar:5.4.1]
	at org.elasticsearch.index.shard.IndexShardOperationsLock.acquire(IndexShardOperationsLock.java:147) [elasticsearch-5.4.1.jar:5.4.1]
	at org.elasticsearch.index.shard.IndexShard.acquirePrimaryOperationLock(IndexShard.java:1656) [elasticsearch-5.4.1.jar:5.4.1]
	at org.elasticsearch.action.support.replication.TransportReplicationAction.acquirePrimaryShardReference(TransportReplicationAction.java:897) [elasticsearch-5.4.1.jar:5.4.1]
	at org.elasticsearch.action.support.replication.TransportReplicationAction.access$400(TransportReplicationAction.java:93) [elasticsearch-5.4.1.jar:5.4.1]
	at org.elasticsearch.action.support.replication.TransportReplicationAction$AsyncPrimaryAction.doRun(TransportReplicationAction.java:281) [elasticsearch-5.4.1.jar:5.4.1]
	at org.elasticsearch.common.util.concurrent.AbstractRunnable.run(AbstractRunnable.java:37) [elasticsearch-5.4.1.jar:5.4.1]
	at org.elasticsearch.action.support.replication.TransportReplicationAction$PrimaryOperationTransportHandler.messageReceived(TransportReplicationAction.java:260) [elasticsearch-5.4.1.jar:5.4.1]
	at org.elasticsearch.action.support.replication.TransportReplicationAction$PrimaryOperationTransportHandler.messageReceived(TransportReplicationAction.java:252) [elasticsearch-5.4.1.jar:5.4.1]
	at org.elasticsearch.transport.RequestHandlerRegistry.processMessageReceived(RequestHandlerRegistry.java:69) [elasticsearch-5.4.1.jar:5.4.1]
	at org.elasticsearch.transport.TransportService$7.doRun(TransportService.java:627) [elasticsearch-5.4.1.jar:5.4.1]
	at org.elasticsearch.common.util.concurrent.ThreadContext$ContextPreservingAbstractRunnable.doRun(ThreadContext.java:638) [elasticsearch-5.4.1.jar:5.4.1]
	at org.elasticsearch.common.util.concurrent.AbstractRunnable.run(AbstractRunnable.java:37) [elasticsearch-5.4.1.jar:5.4.1]
	at java.util.concurrent.ThreadPoolExecutor.runWorker(ThreadPoolExecutor.java:1142) [?:1.8.0_131]
	at java.util.concurrent.ThreadPoolExecutor$Worker.run(ThreadPoolExecutor.java:617) [?:1.8.0_131]
	at java.lang.Thread.run(Thread.java:748) [?:1.8.0_131]
Caused by: org.elasticsearch.ElasticsearchParseException: geo_point expected
	at org.elasticsearch.common.geo.GeoUtils.parseGeoPoint(GeoUtils.java:465) ~[elasticsearch-5.4.1.jar:5.4.1]
	at org.elasticsearch.index.mapper.BaseGeoPointFieldMapper.parse(BaseGeoPointFieldMapper.java:581) ~[elasticsearch-5.4.1.jar:5.4.1]
	at org.elasticsearch.index.mapper.DocumentParser.parseObjectOrField(DocumentParser.java:450) ~[elasticsearch-5.4.1.jar:5.4.1]
	at org.elasticsearch.index.mapper.DocumentParser.parseValue(DocumentParser.java:576) ~[elasticsearch-5.4.1.jar:5.4.1]
	at org.elasticsearch.index.mapper.DocumentParser.innerParseObject(DocumentParser.java:396) ~[elasticsearch-5.4.1.jar:5.4.1]
	at org.elasticsearch.index.mapper.DocumentParser.parseObjectOrNested(DocumentParser.java:373) ~[elasticsearch-5.4.1.jar:5.4.1]
	at org.elasticsearch.index.mapper.DocumentParser.parseObjectOrField(DocumentParser.java:447) ~[elasticsearch-5.4.1.jar:5.4.1]
	at org.elasticsearch.index.mapper.DocumentParser.parseObject(DocumentParser.java:467) ~[elasticsearch-5.4.1.jar:5.4.1]
	at org.elasticsearch.index.mapper.DocumentParser.innerParseObject(DocumentParser.java:383) ~[elasticsearch-5.4.1.jar:5.4.1]
	at org.elasticsearch.index.mapper.DocumentParser.parseObjectOrNested(DocumentParser.java:373) ~[elasticsearch-5.4.1.jar:5.4.1]
	at org.elasticsearch.index.mapper.DocumentParser.internalParseDocument(DocumentParser.java:93) ~[elasticsearch-5.4.1.jar:5.4.1]
	at org.elasticsearch.index.mapper.DocumentParser.parseDocument(DocumentParser.java:66) ~[elasticsearch-5.4.1.jar:5.4.1]
	... 30 more
[2017-06-22T17:53:15,769][INFO ][o.e.c.m.MetaDataDeleteIndexService] [MK5WCVO] [seoul-metro-2014/ul3-MFMQTnOb2EpymXTYnQ] deleting index
[2017-06-22T17:53:19,577][INFO ][o.e.c.m.MetaDataCreateIndexService] [MK5WCVO] [seoul-metro-2014] creating index, cause [api], templates [], shards [5]/[1], mappings [seoul-metro]
[2017-06-22T17:53:23,186][DEBUG][o.e.a.b.TransportShardBulkAction] [MK5WCVO] [seoul-metro-2014][3] failed to execute bulk item (index) BulkShardRequest [[seoul-metro-2014][3]] containing [index {[seoul-metro-2014][seoul-metro][1], source[{"time_slot":"2013-12-31T15:00:00.000Z","line_num":"1호선","line_num_en":"Line 1","station_name":"서울역","station_name_kr":"서울역","station_name_en":"Seoul Station","station_name_chc":"-","station_name_ch":"首尔站","station_name_jp":"ソウルヨク","station_geo":{"lat":37.554648,"lon":126.972559},"people_in":91,"people_out":172}
]}]
org.elasticsearch.index.mapper.MapperParsingException: failed to parse
	at org.elasticsearch.index.mapper.DocumentParser.wrapInMapperParsingException(DocumentParser.java:176) ~[elasticsearch-5.4.1.jar:5.4.1]
	at org.elasticsearch.index.mapper.DocumentParser.parseDocument(DocumentParser.java:69) ~[elasticsearch-5.4.1.jar:5.4.1]
	at org.elasticsearch.index.mapper.DocumentMapper.parse(DocumentMapper.java:277) ~[elasticsearch-5.4.1.jar:5.4.1]
	at org.elasticsearch.index.shard.IndexShard.prepareIndex(IndexShard.java:536) ~[elasticsearch-5.4.1.jar:5.4.1]
	at org.elasticsearch.index.shard.IndexShard.prepareIndexOnPrimary(IndexShard.java:513) ~[elasticsearch-5.4.1.jar:5.4.1]
	at org.elasticsearch.action.bulk.TransportShardBulkAction.prepareIndexOperationOnPrimary(TransportShardBulkAction.java:450) ~[elasticsearch-5.4.1.jar:5.4.1]
	at org.elasticsearch.action.bulk.TransportShardBulkAction.executeIndexRequestOnPrimary(TransportShardBulkAction.java:458) ~[elasticsearch-5.4.1.jar:5.4.1]
	at org.elasticsearch.action.bulk.TransportShardBulkAction.executeBulkItemRequest(TransportShardBulkAction.java:143) [elasticsearch-5.4.1.jar:5.4.1]
	at org.elasticsearch.action.bulk.TransportShardBulkAction.shardOperationOnPrimary(TransportShardBulkAction.java:113) [elasticsearch-5.4.1.jar:5.4.1]
	at org.elasticsearch.action.bulk.TransportShardBulkAction.shardOperationOnPrimary(TransportShardBulkAction.java:69) [elasticsearch-5.4.1.jar:5.4.1]
	at org.elasticsearch.action.support.replication.TransportReplicationAction$PrimaryShardReference.perform(TransportReplicationAction.java:939) [elasticsearch-5.4.1.jar:5.4.1]
	at org.elasticsearch.action.support.replication.TransportReplicationAction$PrimaryShardReference.perform(TransportReplicationAction.java:908) [elasticsearch-5.4.1.jar:5.4.1]
	at org.elasticsearch.action.support.replication.ReplicationOperation.execute(ReplicationOperation.java:113) [elasticsearch-5.4.1.jar:5.4.1]
	at org.elasticsearch.action.support.replication.TransportReplicationAction$AsyncPrimaryAction.onResponse(TransportReplicationAction.java:322) [elasticsearch-5.4.1.jar:5.4.1]
	at org.elasticsearch.action.support.replication.TransportReplicationAction$AsyncPrimaryAction.onResponse(TransportReplicationAction.java:264) [elasticsearch-5.4.1.jar:5.4.1]
	at org.elasticsearch.action.support.replication.TransportReplicationAction$1.onResponse(TransportReplicationAction.java:888) [elasticsearch-5.4.1.jar:5.4.1]
	at org.elasticsearch.action.support.replication.TransportReplicationAction$1.onResponse(TransportReplicationAction.java:885) [elasticsearch-5.4.1.jar:5.4.1]
	at org.elasticsearch.index.shard.IndexShardOperationsLock.acquire(IndexShardOperationsLock.java:147) [elasticsearch-5.4.1.jar:5.4.1]
	at org.elasticsearch.index.shard.IndexShard.acquirePrimaryOperationLock(IndexShard.java:1656) [elasticsearch-5.4.1.jar:5.4.1]
	at org.elasticsearch.action.support.replication.TransportReplicationAction.acquirePrimaryShardReference(TransportReplicationAction.java:897) [elasticsearch-5.4.1.jar:5.4.1]
	at org.elasticsearch.action.support.replication.TransportReplicationAction.access$400(TransportReplicationAction.java:93) [elasticsearch-5.4.1.jar:5.4.1]
	at org.elasticsearch.action.support.replication.TransportReplicationAction$AsyncPrimaryAction.doRun(TransportReplicationAction.java:281) [elasticsearch-5.4.1.jar:5.4.1]
	at org.elasticsearch.common.util.concurrent.AbstractRunnable.run(AbstractRunnable.java:37) [elasticsearch-5.4.1.jar:5.4.1]
	at org.elasticsearch.action.support.replication.TransportReplicationAction$PrimaryOperationTransportHandler.messageReceived(TransportReplicationAction.java:260) [elasticsearch-5.4.1.jar:5.4.1]
	at org.elasticsearch.action.support.replication.TransportReplicationAction$PrimaryOperationTransportHandler.messageReceived(TransportReplicationAction.java:252) [elasticsearch-5.4.1.jar:5.4.1]
	at org.elasticsearch.transport.RequestHandlerRegistry.processMessageReceived(RequestHandlerRegistry.java:69) [elasticsearch-5.4.1.jar:5.4.1]
	at org.elasticsearch.transport.TransportService$7.doRun(TransportService.java:627) [elasticsearch-5.4.1.jar:5.4.1]
	at org.elasticsearch.common.util.concurrent.ThreadContext$ContextPreservingAbstractRunnable.doRun(ThreadContext.java:638) [elasticsearch-5.4.1.jar:5.4.1]
	at org.elasticsearch.common.util.concurrent.AbstractRunnable.run(AbstractRunnable.java:37) [elasticsearch-5.4.1.jar:5.4.1]
	at java.util.concurrent.ThreadPoolExecutor.runWorker(ThreadPoolExecutor.java:1142) [?:1.8.0_131]
	at java.util.concurrent.ThreadPoolExecutor$Worker.run(ThreadPoolExecutor.java:617) [?:1.8.0_131]
	at java.lang.Thread.run(Thread.java:748) [?:1.8.0_131]
Caused by: org.elasticsearch.ElasticsearchParseException: geo_point expected
	at org.elasticsearch.common.geo.GeoUtils.parseGeoPoint(GeoUtils.java:465) ~[elasticsearch-5.4.1.jar:5.4.1]
	at org.elasticsearch.index.mapper.BaseGeoPointFieldMapper.parse(BaseGeoPointFieldMapper.java:581) ~[elasticsearch-5.4.1.jar:5.4.1]
	at org.elasticsearch.index.mapper.DocumentParser.parseObjectOrField(DocumentParser.java:450) ~[elasticsearch-5.4.1.jar:5.4.1]
	at org.elasticsearch.index.mapper.DocumentParser.parseValue(DocumentParser.java:576) ~[elasticsearch-5.4.1.jar:5.4.1]
	at org.elasticsearch.index.mapper.DocumentParser.innerParseObject(DocumentParser.java:396) ~[elasticsearch-5.4.1.jar:5.4.1]
	at org.elasticsearch.index.mapper.DocumentParser.parseObjectOrNested(DocumentParser.java:373) ~[elasticsearch-5.4.1.jar:5.4.1]
	at org.elasticsearch.index.mapper.DocumentParser.parseObjectOrField(DocumentParser.java:447) ~[elasticsearch-5.4.1.jar:5.4.1]
	at org.elasticsearch.index.mapper.DocumentParser.parseObject(DocumentParser.java:467) ~[elasticsearch-5.4.1.jar:5.4.1]
	at org.elasticsearch.index.mapper.DocumentParser.innerParseObject(DocumentParser.java:383) ~[elasticsearch-5.4.1.jar:5.4.1]
	at org.elasticsearch.index.mapper.DocumentParser.parseObjectOrNested(DocumentParser.java:373) ~[elasticsearch-5.4.1.jar:5.4.1]
	at org.elasticsearch.index.mapper.DocumentParser.internalParseDocument(DocumentParser.java:93) ~[elasticsearch-5.4.1.jar:5.4.1]
	at org.elasticsearch.index.mapper.DocumentParser.parseDocument(DocumentParser.java:66) ~[elasticsearch-5.4.1.jar:5.4.1]
	... 30 more
[2017-06-22T17:54:33,549][INFO ][o.e.c.m.MetaDataDeleteIndexService] [MK5WCVO] [seoul-metro-2014/CaXJjoLqRv6iHccF1xbGog] deleting index
[2017-06-22T17:54:36,958][INFO ][o.e.c.m.MetaDataCreateIndexService] [MK5WCVO] [seoul-metro-2014] creating index, cause [auto(bulk api)], templates [], shards [5]/[1], mappings []
[2017-06-22T17:54:37,768][INFO ][o.e.c.m.MetaDataMappingService] [MK5WCVO] [seoul-metro-2014/9MTiY78nTAWAu3btLLM4eg] create_mapping [seoul-metro]
[2017-06-22T17:54:46,002][INFO ][o.e.c.m.MetaDataDeleteIndexService] [MK5WCVO] [seoul-metro-2014/9MTiY78nTAWAu3btLLM4eg] deleting index
[2017-06-22T17:54:47,988][INFO ][o.e.c.m.MetaDataCreateIndexService] [MK5WCVO] [seoul-metro-2014] creating index, cause [api], templates [], shards [5]/[1], mappings [seoul-metro]
[2017-06-22T17:54:50,588][DEBUG][o.e.a.b.TransportShardBulkAction] [MK5WCVO] [seoul-metro-2014][3] failed to execute bulk item (index) BulkShardRequest [[seoul-metro-2014][3]] containing [index {[seoul-metro-2014][seoul-metro][1], source[{"time_slot":"2013-12-31T15:00:00.000Z","line_num":"1호선","line_num_en":"Line 1","station_name":"서울역","station_name_kr":"서울역","station_name_en":"Seoul Station","station_name_chc":"-","station_name_ch":"首尔站","station_name_jp":"ソウルヨク","station_geo":{"lat":37.554648,"lon":126.972559},"people_in":91,"people_out":172}
]}]
org.elasticsearch.index.mapper.MapperParsingException: failed to parse
	at org.elasticsearch.index.mapper.DocumentParser.wrapInMapperParsingException(DocumentParser.java:176) ~[elasticsearch-5.4.1.jar:5.4.1]
	at org.elasticsearch.index.mapper.DocumentParser.parseDocument(DocumentParser.java:69) ~[elasticsearch-5.4.1.jar:5.4.1]
	at org.elasticsearch.index.mapper.DocumentMapper.parse(DocumentMapper.java:277) ~[elasticsearch-5.4.1.jar:5.4.1]
	at org.elasticsearch.index.shard.IndexShard.prepareIndex(IndexShard.java:536) ~[elasticsearch-5.4.1.jar:5.4.1]
	at org.elasticsearch.index.shard.IndexShard.prepareIndexOnPrimary(IndexShard.java:513) ~[elasticsearch-5.4.1.jar:5.4.1]
	at org.elasticsearch.action.bulk.TransportShardBulkAction.prepareIndexOperationOnPrimary(TransportShardBulkAction.java:450) ~[elasticsearch-5.4.1.jar:5.4.1]
	at org.elasticsearch.action.bulk.TransportShardBulkAction.executeIndexRequestOnPrimary(TransportShardBulkAction.java:458) ~[elasticsearch-5.4.1.jar:5.4.1]
	at org.elasticsearch.action.bulk.TransportShardBulkAction.executeBulkItemRequest(TransportShardBulkAction.java:143) [elasticsearch-5.4.1.jar:5.4.1]
	at org.elasticsearch.action.bulk.TransportShardBulkAction.shardOperationOnPrimary(TransportShardBulkAction.java:113) [elasticsearch-5.4.1.jar:5.4.1]
	at org.elasticsearch.action.bulk.TransportShardBulkAction.shardOperationOnPrimary(TransportShardBulkAction.java:69) [elasticsearch-5.4.1.jar:5.4.1]
	at org.elasticsearch.action.support.replication.TransportReplicationAction$PrimaryShardReference.perform(TransportReplicationAction.java:939) [elasticsearch-5.4.1.jar:5.4.1]
	at org.elasticsearch.action.support.replication.TransportReplicationAction$PrimaryShardReference.perform(TransportReplicationAction.java:908) [elasticsearch-5.4.1.jar:5.4.1]
	at org.elasticsearch.action.support.replication.ReplicationOperation.execute(ReplicationOperation.java:113) [elasticsearch-5.4.1.jar:5.4.1]
	at org.elasticsearch.action.support.replication.TransportReplicationAction$AsyncPrimaryAction.onResponse(TransportReplicationAction.java:322) [elasticsearch-5.4.1.jar:5.4.1]
	at org.elasticsearch.action.support.replication.TransportReplicationAction$AsyncPrimaryAction.onResponse(TransportReplicationAction.java:264) [elasticsearch-5.4.1.jar:5.4.1]
	at org.elasticsearch.action.support.replication.TransportReplicationAction$1.onResponse(TransportReplicationAction.java:888) [elasticsearch-5.4.1.jar:5.4.1]
	at org.elasticsearch.action.support.replication.TransportReplicationAction$1.onResponse(TransportReplicationAction.java:885) [elasticsearch-5.4.1.jar:5.4.1]
	at org.elasticsearch.index.shard.IndexShardOperationsLock.acquire(IndexShardOperationsLock.java:147) [elasticsearch-5.4.1.jar:5.4.1]
	at org.elasticsearch.index.shard.IndexShard.acquirePrimaryOperationLock(IndexShard.java:1656) [elasticsearch-5.4.1.jar:5.4.1]
	at org.elasticsearch.action.support.replication.TransportReplicationAction.acquirePrimaryShardReference(TransportReplicationAction.java:897) [elasticsearch-5.4.1.jar:5.4.1]
	at org.elasticsearch.action.support.replication.TransportReplicationAction.access$400(TransportReplicationAction.java:93) [elasticsearch-5.4.1.jar:5.4.1]
	at org.elasticsearch.action.support.replication.TransportReplicationAction$AsyncPrimaryAction.doRun(TransportReplicationAction.java:281) [elasticsearch-5.4.1.jar:5.4.1]
	at org.elasticsearch.common.util.concurrent.AbstractRunnable.run(AbstractRunnable.java:37) [elasticsearch-5.4.1.jar:5.4.1]
	at org.elasticsearch.action.support.replication.TransportReplicationAction$PrimaryOperationTransportHandler.messageReceived(TransportReplicationAction.java:260) [elasticsearch-5.4.1.jar:5.4.1]
	at org.elasticsearch.action.support.replication.TransportReplicationAction$PrimaryOperationTransportHandler.messageReceived(TransportReplicationAction.java:252) [elasticsearch-5.4.1.jar:5.4.1]
	at org.elasticsearch.transport.RequestHandlerRegistry.processMessageReceived(RequestHandlerRegistry.java:69) [elasticsearch-5.4.1.jar:5.4.1]
	at org.elasticsearch.transport.TransportService$7.doRun(TransportService.java:627) [elasticsearch-5.4.1.jar:5.4.1]
	at org.elasticsearch.common.util.concurrent.ThreadContext$ContextPreservingAbstractRunnable.doRun(ThreadContext.java:638) [elasticsearch-5.4.1.jar:5.4.1]
	at org.elasticsearch.common.util.concurrent.AbstractRunnable.run(AbstractRunnable.java:37) [elasticsearch-5.4.1.jar:5.4.1]
	at java.util.concurrent.ThreadPoolExecutor.runWorker(ThreadPoolExecutor.java:1142) [?:1.8.0_131]
	at java.util.concurrent.ThreadPoolExecutor$Worker.run(ThreadPoolExecutor.java:617) [?:1.8.0_131]
	at java.lang.Thread.run(Thread.java:748) [?:1.8.0_131]
Caused by: org.elasticsearch.ElasticsearchParseException: geo_point expected
	at org.elasticsearch.common.geo.GeoUtils.parseGeoPoint(GeoUtils.java:465) ~[elasticsearch-5.4.1.jar:5.4.1]
	at org.elasticsearch.index.mapper.BaseGeoPointFieldMapper.parse(BaseGeoPointFieldMapper.java:581) ~[elasticsearch-5.4.1.jar:5.4.1]
	at org.elasticsearch.index.mapper.DocumentParser.parseObjectOrField(DocumentParser.java:450) ~[elasticsearch-5.4.1.jar:5.4.1]
	at org.elasticsearch.index.mapper.DocumentParser.parseValue(DocumentParser.java:576) ~[elasticsearch-5.4.1.jar:5.4.1]
	at org.elasticsearch.index.mapper.DocumentParser.innerParseObject(DocumentParser.java:396) ~[elasticsearch-5.4.1.jar:5.4.1]
	at org.elasticsearch.index.mapper.DocumentParser.parseObjectOrNested(DocumentParser.java:373) ~[elasticsearch-5.4.1.jar:5.4.1]
	at org.elasticsearch.index.mapper.DocumentParser.parseObjectOrField(DocumentParser.java:447) ~[elasticsearch-5.4.1.jar:5.4.1]
	at org.elasticsearch.index.mapper.DocumentParser.parseObject(DocumentParser.java:467) ~[elasticsearch-5.4.1.jar:5.4.1]
	at org.elasticsearch.index.mapper.DocumentParser.innerParseObject(DocumentParser.java:383) ~[elasticsearch-5.4.1.jar:5.4.1]
	at org.elasticsearch.index.mapper.DocumentParser.parseObjectOrNested(DocumentParser.java:373) ~[elasticsearch-5.4.1.jar:5.4.1]
	at org.elasticsearch.index.mapper.DocumentParser.internalParseDocument(DocumentParser.java:93) ~[elasticsearch-5.4.1.jar:5.4.1]
	at org.elasticsearch.index.mapper.DocumentParser.parseDocument(DocumentParser.java:66) ~[elasticsearch-5.4.1.jar:5.4.1]
	... 30 more
[2017-06-22T17:56:39,003][INFO ][o.e.c.m.MetaDataDeleteIndexService] [MK5WCVO] [seoul-metro-2014/155YqBVrQcKHYgTY_RBE9w] deleting index
[2017-06-22T17:56:41,541][INFO ][o.e.c.m.MetaDataCreateIndexService] [MK5WCVO] [seoul-metro-2014] creating index, cause [api], templates [], shards [5]/[1], mappings [seoul-metro]
[2017-06-22T17:59:45,820][INFO ][o.e.c.m.MetaDataMappingService] [MK5WCVO] [seoul-metro-2014/S5FrWE4QQAqcOTA9xcLm7Q] update_mapping [seoul-metro]
[2017-06-22T17:59:58,694][WARN ][o.e.m.j.JvmGcMonitorService] [MK5WCVO] [gc][young][2898][5] duration [9.6s], collections [1]/[10.4s], total [9.6s]/[10.1s], memory [425.7mb]->[170.5mb]/[1.9gb], all_pools {[young] [263.1mb]->[296.4kb]/[266.2mb]}{[survivor] [24.6mb]->[12.6mb]/[33.2mb]}{[old] [137.9mb]->[157.8mb]/[1.6gb]}
[2017-06-22T17:59:58,722][WARN ][o.e.m.j.JvmGcMonitorService] [MK5WCVO] [gc][2898] overhead, spent [9.6s] collecting in the last [10.4s]
[2017-06-22T18:02:06,430][INFO ][o.e.c.m.MetaDataMappingService] [MK5WCVO] [.kibana/dMFQoU72QM-4Z0bTYRfJWw] create_mapping [index-pattern]
[2017-06-22T18:02:07,982][INFO ][o.e.c.m.MetaDataMappingService] [MK5WCVO] [.kibana/dMFQoU72QM-4Z0bTYRfJWw] update_mapping [config]
[2017-06-22T18:02:34,347][INFO ][o.e.c.m.MetaDataMappingService] [MK5WCVO] [.kibana/dMFQoU72QM-4Z0bTYRfJWw] create_mapping [visualization]
[2017-06-22T22:45:43,054][INFO ][o.e.n.Node               ] [] initializing ...
[2017-06-22T22:45:43,396][INFO ][o.e.e.NodeEnvironment    ] [MK5WCVO] using [1] data paths, mounts [[/ (/dev/sda1)]], net usable_space [45.9gb], net total_space [58.8gb], spins? [possibly], types [ext4]
[2017-06-22T22:45:43,396][INFO ][o.e.e.NodeEnvironment    ] [MK5WCVO] heap size [1.9gb], compressed ordinary object pointers [true]
[2017-06-22T22:45:43,697][INFO ][o.e.n.Node               ] node name [MK5WCVO] derived from node ID [MK5WCVOCQ1ejo1jKafY0qA]; set [node.name] to override
[2017-06-22T22:45:43,698][INFO ][o.e.n.Node               ] version[5.4.1], pid[2075], build[2cfe0df/2017-05-29T16:05:51.443Z], OS[Linux/4.10.0-24-generic/amd64], JVM[Oracle Corporation/Java HotSpot(TM) 64-Bit Server VM/1.8.0_131/25.131-b11]
[2017-06-22T22:45:43,698][INFO ][o.e.n.Node               ] JVM arguments [-Xms2g, -Xmx2g, -XX:+UseConcMarkSweepGC, -XX:CMSInitiatingOccupancyFraction=75, -XX:+UseCMSInitiatingOccupancyOnly, -XX:+DisableExplicitGC, -XX:+AlwaysPreTouch, -Xss1m, -Djava.awt.headless=true, -Dfile.encoding=UTF-8, -Djna.nosys=true, -Djdk.io.permissionsUseCanonicalPath=true, -Dio.netty.noUnsafe=true, -Dio.netty.noKeySetOptimization=true, -Dio.netty.recycler.maxCapacityPerThread=0, -Dlog4j.shutdownHookEnabled=false, -Dlog4j2.disable.jmx=true, -Dlog4j.skipJansi=true, -XX:+HeapDumpOnOutOfMemoryError, -Des.path.home=/usr/local/elastic]
[2017-06-22T22:45:45,490][INFO ][o.e.p.PluginsService     ] [MK5WCVO] loaded module [aggs-matrix-stats]
[2017-06-22T22:45:45,490][INFO ][o.e.p.PluginsService     ] [MK5WCVO] loaded module [ingest-common]
[2017-06-22T22:45:45,490][INFO ][o.e.p.PluginsService     ] [MK5WCVO] loaded module [lang-expression]
[2017-06-22T22:45:45,491][INFO ][o.e.p.PluginsService     ] [MK5WCVO] loaded module [lang-groovy]
[2017-06-22T22:45:45,491][INFO ][o.e.p.PluginsService     ] [MK5WCVO] loaded module [lang-mustache]
[2017-06-22T22:45:45,491][INFO ][o.e.p.PluginsService     ] [MK5WCVO] loaded module [lang-painless]
[2017-06-22T22:45:45,491][INFO ][o.e.p.PluginsService     ] [MK5WCVO] loaded module [percolator]
[2017-06-22T22:45:45,491][INFO ][o.e.p.PluginsService     ] [MK5WCVO] loaded module [reindex]
[2017-06-22T22:45:45,491][INFO ][o.e.p.PluginsService     ] [MK5WCVO] loaded module [transport-netty3]
[2017-06-22T22:45:45,492][INFO ][o.e.p.PluginsService     ] [MK5WCVO] loaded module [transport-netty4]
[2017-06-22T22:45:45,493][INFO ][o.e.p.PluginsService     ] [MK5WCVO] no plugins loaded
[2017-06-22T22:45:48,615][INFO ][o.e.d.DiscoveryModule    ] [MK5WCVO] using discovery type [zen]
[2017-06-22T22:45:50,837][INFO ][o.e.n.Node               ] initialized
[2017-06-22T22:45:50,838][INFO ][o.e.n.Node               ] [MK5WCVO] starting ...
[2017-06-22T22:45:51,550][WARN ][i.n.u.i.MacAddressUtil   ] Failed to find a usable hardware address from the network interfaces; using random bytes: 35:96:59:33:68:03:0d:3a
[2017-06-22T22:45:51,702][INFO ][o.e.t.TransportService   ] [MK5WCVO] publish_address {127.0.0.1:9300}, bound_addresses {[::1]:9300}, {127.0.0.1:9300}
[2017-06-22T22:45:51,708][WARN ][o.e.b.BootstrapChecks    ] [MK5WCVO] max file descriptors [4096] for elasticsearch process is too low, increase to at least [65536]
[2017-06-22T22:45:51,708][WARN ][o.e.b.BootstrapChecks    ] [MK5WCVO] max virtual memory areas vm.max_map_count [65530] is too low, increase to at least [262144]
[2017-06-22T22:45:54,803][INFO ][o.e.c.s.ClusterService   ] [MK5WCVO] new_master {MK5WCVO}{MK5WCVOCQ1ejo1jKafY0qA}{TRdjxmSeRMyUG9WRehuHKA}{127.0.0.1}{127.0.0.1:9300}, reason: zen-disco-elected-as-master ([0] nodes joined)
[2017-06-22T22:45:54,919][INFO ][o.e.h.n.Netty4HttpServerTransport] [MK5WCVO] publish_address {127.0.0.1:9200}, bound_addresses {[::1]:9200}, {127.0.0.1:9200}
[2017-06-22T22:45:54,922][INFO ][o.e.n.Node               ] [MK5WCVO] started
[2017-06-22T22:45:55,876][INFO ][o.e.g.GatewayService     ] [MK5WCVO] recovered [7] indices into cluster_state
[2017-06-22T22:45:59,524][INFO ][o.e.c.r.a.AllocationService] [MK5WCVO] Cluster health status changed from [RED] to [YELLOW] (reason: [shards started [[.kibana][0]] ...]).
[2017-06-22T22:51:07,188][INFO ][o.e.c.m.MetaDataMappingService] [MK5WCVO] [.kibana/dMFQoU72QM-4Z0bTYRfJWw] create_mapping [search]
[2017-06-22T22:51:37,396][INFO ][o.e.c.m.MetaDataMappingService] [MK5WCVO] [.kibana/dMFQoU72QM-4Z0bTYRfJWw] create_mapping [timelion-sheet]
[2017-06-22T22:52:16,163][INFO ][o.e.c.m.MetaDataDeleteIndexService] [MK5WCVO] [seoul-metro-2014/S5FrWE4QQAqcOTA9xcLm7Q] deleting index
[2017-06-22T22:52:22,101][INFO ][o.e.c.m.MetaDataCreateIndexService] [MK5WCVO] [seoul-metro-2014] creating index, cause [api], templates [], shards [5]/[1], mappings [seoul-metro]
[2017-06-22T22:52:24,596][INFO ][o.e.c.m.MetaDataMappingService] [MK5WCVO] [seoul-metro-2014/bnz1k52gTuK9E9OOhtx61Q] update_mapping [seoul-metro]
[2017-06-22T22:52:27,637][INFO ][o.e.c.m.MetaDataDeleteIndexService] [MK5WCVO] [seoul-metro-2014/bnz1k52gTuK9E9OOhtx61Q] deleting index
[2017-06-22T22:57:51,240][INFO ][o.e.c.m.MetaDataCreateIndexService] [MK5WCVO] [seoul-metro-2014] creating index, cause [auto(bulk api)], templates [], shards [5]/[1], mappings []
[2017-06-22T22:57:51,481][INFO ][o.e.c.m.MetaDataMappingService] [MK5WCVO] [seoul-metro-2014/M6rdF1lVTlq7WTMT9nSz_Q] create_mapping [seoul-metro]
[2017-06-22T22:58:43,846][INFO ][o.e.c.m.MetaDataMappingService] [MK5WCVO] [.kibana/dMFQoU72QM-4Z0bTYRfJWw] create_mapping [dashboard]
[2017-06-22T23:03:58,721][INFO ][o.e.c.m.MetaDataMappingService] [MK5WCVO] [seoul-metro-2014/M6rdF1lVTlq7WTMT9nSz_Q] update_mapping [seoul-metro]
[2017-06-22T23:04:16,882][WARN ][o.e.m.j.JvmGcMonitorService] [MK5WCVO] [gc][young][1099][5] duration [6.5s], collections [1]/[7s], total [6.5s]/[6.8s], memory [426.1mb]->[169.7mb]/[1.9gb], all_pools {[young] [258.5mb]->[1.2mb]/[266.2mb]}{[survivor] [26.1mb]->[7mb]/[33.2mb]}{[old] [141.4mb]->[161.7mb]/[1.6gb]}
[2017-06-22T23:04:16,883][WARN ][o.e.m.j.JvmGcMonitorService] [MK5WCVO] [gc][1099] overhead, spent [6.5s] collecting in the last [7s]
[2017-06-22T23:05:37,940][INFO ][o.e.m.j.JvmGcMonitorService] [MK5WCVO] [gc][1180] overhead, spent [277ms] collecting in the last [1s]
[2017-06-22T23:05:46,280][INFO ][o.e.c.m.MetaDataMappingService] [MK5WCVO] [.kibana/dMFQoU72QM-4Z0bTYRfJWw] update_mapping [config]
[2017-06-22T23:21:59,135][INFO ][o.e.n.Node               ] [MK5WCVO] stopping ...
[2017-06-22T23:21:59,381][INFO ][o.e.n.Node               ] [MK5WCVO] stopped
[2017-06-22T23:21:59,382][INFO ][o.e.n.Node               ] [MK5WCVO] closing ...
[2017-06-22T23:21:59,426][INFO ][o.e.n.Node               ] [MK5WCVO] closed
